

============================== 10:07:05.847944 | c6259fd5-209d-4f9f-8dc7-fb6193657eaa ==============================
[0m10:07:05.847944 [info ] [MainThread]: Running with dbt=1.10.15
[0m10:07:05.852953 [debug] [MainThread]: running dbt with arguments {'version_check': 'True', 'no_print': 'None', 'static_parser': 'True', 'target_path': 'None', 'warn_error_options': 'WarnErrorOptionsV2(error=[], warn=[], silence=[])', 'printer_width': '80', 'write_json': 'True', 'introspect': 'True', 'log_cache_events': 'False', 'empty': 'None', 'cache_selected_only': 'False', 'log_format': 'default', 'debug': 'False', 'fail_fast': 'False', 'profiles_dir': 'C:\\Users\\fashkani\\.dbt', 'send_anonymous_usage_stats': 'False', 'quiet': 'False', 'warn_error': 'None', 'partial_parse': 'True', 'invocation_command': 'dbt ', 'indirect_selection': 'eager', 'use_colors': 'True', 'use_experimental_parser': 'False', 'log_path': 'c:\\Projects\\Fabric_Framework\\Baseline_Project\\dbt_project\\dbt_packages\\dbt_utils\\integration_tests\\logs'}
[0m10:07:06.041197 [debug] [MainThread]: Set downloads directory='C:\Users\fashkani\AppData\Local\Temp\dbt-downloads-kn4aqqbe'
[0m10:07:06.046191 [info ] [MainThread]: Updating lock file in file path: C:\Projects\Fabric_Framework\Baseline_Project\dbt_project\dbt_packages\dbt_utils\integration_tests/package-lock.yml
[0m10:07:06.050614 [debug] [MainThread]: Set downloads directory='C:\Users\fashkani\AppData\Local\Temp\dbt-downloads-a2zxh910'
[0m10:07:06.051616 [info ] [MainThread]: Installing ../
[0m10:07:06.052628 [debug] [MainThread]: Creating symlink to local dependency.
[0m10:07:06.054613 [debug] [MainThread]: Symlinks are not available on this OS, copying dependency.
[0m10:07:06.421411 [error] [MainThread]: Encountered an error:
[('C:\\Projects\\Fabric_Framework\\Baseline_Project\\dbt_project\\dbt_packages\\dbt_utils\\integration_tests\\dbt_packages\\dbt_utils\\integration_tests\\data\\schema_tests\\data_test_mutually_exclusive_ranges_with_gaps_zero_length.csv', 'dbt_packages\\dbt_utils\\integration_tests\\dbt_packages\\dbt_utils\\integration_tests\\data\\schema_tests\\data_test_mutually_exclusive_ranges_with_gaps_zero_length.csv', '[WinError 3] The system cannot find the path specified'), ('C:\\Projects\\Fabric_Framework\\Baseline_Project\\dbt_project\\dbt_packages\\dbt_utils\\integration_tests\\dbt_packages\\dbt_utils\\integration_tests\\dbt_packages\\dbt_utils\\docs\\decisions\\adr-0000-documenting-architecture-decisions.md', 'dbt_packages\\dbt_utils\\integration_tests\\dbt_packages\\dbt_utils\\integration_tests\\dbt_packages\\dbt_utils\\docs\\decisions\\adr-0000-documenting-architecture-decisions.md', '[WinError 3] The system cannot find the path specified'), ('C:\\Projects\\Fabric_Framework\\Baseline_Project\\dbt_project\\dbt_packages\\dbt_utils\\integration_tests\\dbt_packages\\dbt_utils\\integration_tests\\dbt_packages\\dbt_utils\\integration_tests\\data\\schema_tests\\data_cardinality_equality_a.csv', 'dbt_packages\\dbt_utils\\integration_tests\\dbt_packages\\dbt_utils\\integration_tests\\dbt_packages\\dbt_utils\\integration_tests\\data\\schema_tests\\data_cardinality_equality_a.csv', '[WinError 3] The system cannot find the path specified'), ('C:\\Projects\\Fabric_Framework\\Baseline_Project\\dbt_project\\dbt_packages\\dbt_utils\\integration_tests\\dbt_packages\\dbt_utils\\integration_tests\\dbt_packages\\dbt_utils\\integration_tests\\data\\schema_tests\\data_cardinality_equality_b.csv', 'dbt_packages\\dbt_utils\\integration_tests\\dbt_packages\\dbt_utils\\integration_tests\\dbt_packages\\dbt_utils\\integration_tests\\data\\schema_tests\\data_cardinality_equality_b.csv', '[WinError 3] The system cannot find the path specified'), ('C:\\Projects\\Fabric_Framework\\Baseline_Project\\dbt_project\\dbt_packages\\dbt_utils\\integration_tests\\dbt_packages\\dbt_utils\\integration_tests\\dbt_packages\\dbt_utils\\integration_tests\\data\\schema_tests\\data_not_null_proportion.csv', 'dbt_packages\\dbt_utils\\integration_tests\\dbt_packages\\dbt_utils\\integration_tests\\dbt_packages\\dbt_utils\\integration_tests\\data\\schema_tests\\data_not_null_proportion.csv', '[WinError 3] The system cannot find the path specified'), ('C:\\Projects\\Fabric_Framework\\Baseline_Project\\dbt_project\\dbt_packages\\dbt_utils\\integration_tests\\dbt_packages\\dbt_utils\\integration_tests\\dbt_packages\\dbt_utils\\integration_tests\\data\\schema_tests\\data_test_accepted_range.csv', 'dbt_packages\\dbt_utils\\integration_tests\\dbt_packages\\dbt_utils\\integration_tests\\dbt_packages\\dbt_utils\\integration_tests\\data\\schema_tests\\data_test_accepted_range.csv', '[WinError 3] The system cannot find the path specified'), ('C:\\Projects\\Fabric_Framework\\Baseline_Project\\dbt_project\\dbt_packages\\dbt_utils\\integration_tests\\dbt_packages\\dbt_utils\\integration_tests\\dbt_packages\\dbt_utils\\integration_tests\\data\\schema_tests\\data_test_at_least_one.csv', 'dbt_packages\\dbt_utils\\integration_tests\\dbt_packages\\dbt_utils\\integration_tests\\dbt_packages\\dbt_utils\\integration_tests\\data\\schema_tests\\data_test_at_least_one.csv', '[WinError 3] The system cannot find the path specified'), ('C:\\Projects\\Fabric_Framework\\Baseline_Project\\dbt_project\\dbt_packages\\dbt_utils\\integration_tests\\dbt_packages\\dbt_utils\\integration_tests\\dbt_packages\\dbt_utils\\integration_tests\\data\\schema_tests\\data_test_equality_a.csv', 'dbt_packages\\dbt_utils\\integration_tests\\dbt_packages\\dbt_utils\\integration_tests\\dbt_packages\\dbt_utils\\integration_tests\\data\\schema_tests\\data_test_equality_a.csv', '[WinError 3] The system cannot find the path specified'), ('C:\\Projects\\Fabric_Framework\\Baseline_Project\\dbt_project\\dbt_packages\\dbt_utils\\integration_tests\\dbt_packages\\dbt_utils\\integration_tests\\dbt_packages\\dbt_utils\\integration_tests\\data\\schema_tests\\data_test_equality_b.csv', 'dbt_packages\\dbt_utils\\integration_tests\\dbt_packages\\dbt_utils\\integration_tests\\dbt_packages\\dbt_utils\\integration_tests\\data\\schema_tests\\data_test_equality_b.csv', '[WinError 3] The system cannot find the path specified'), ('C:\\Projects\\Fabric_Framework\\Baseline_Project\\dbt_project\\dbt_packages\\dbt_utils\\integration_tests\\dbt_packages\\dbt_utils\\integration_tests\\dbt_packages\\dbt_utils\\integration_tests\\data\\schema_tests\\data_test_equality_floats_a.csv', 'dbt_packages\\dbt_utils\\integration_tests\\dbt_packages\\dbt_utils\\integration_tests\\dbt_packages\\dbt_utils\\integration_tests\\data\\schema_tests\\data_test_equality_floats_a.csv', '[WinError 3] The system cannot find the path specified'), ('C:\\Projects\\Fabric_Framework\\Baseline_Project\\dbt_project\\dbt_packages\\dbt_utils\\integration_tests\\dbt_packages\\dbt_utils\\integration_tests\\dbt_packages\\dbt_utils\\integration_tests\\data\\schema_tests\\data_test_equality_floats_b.csv', 'dbt_packages\\dbt_utils\\integration_tests\\dbt_packages\\dbt_utils\\integration_tests\\dbt_packages\\dbt_utils\\integration_tests\\data\\schema_tests\\data_test_equality_floats_b.csv', '[WinError 3] The system cannot find the path specified'), ('C:\\Projects\\Fabric_Framework\\Baseline_Project\\dbt_project\\dbt_packages\\dbt_utils\\integration_tests\\dbt_packages\\dbt_utils\\integration_tests\\dbt_packages\\dbt_utils\\integration_tests\\data\\schema_tests\\data_test_equality_floats_columns_a.csv', 'dbt_packages\\dbt_utils\\integration_tests\\dbt_packages\\dbt_utils\\integration_tests\\dbt_packages\\dbt_utils\\integration_tests\\data\\schema_tests\\data_test_equality_floats_columns_a.csv', '[WinError 3] The system cannot find the path specified'), ('C:\\Projects\\Fabric_Framework\\Baseline_Project\\dbt_project\\dbt_packages\\dbt_utils\\integration_tests\\dbt_packages\\dbt_utils\\integration_tests\\dbt_packages\\dbt_utils\\integration_tests\\data\\schema_tests\\data_test_equality_floats_columns_b.csv', 'dbt_packages\\dbt_utils\\integration_tests\\dbt_packages\\dbt_utils\\integration_tests\\dbt_packages\\dbt_utils\\integration_tests\\data\\schema_tests\\data_test_equality_floats_columns_b.csv', '[WinError 3] The system cannot find the path specified'), ('C:\\Projects\\Fabric_Framework\\Baseline_Project\\dbt_project\\dbt_packages\\dbt_utils\\integration_tests\\dbt_packages\\dbt_utils\\integration_tests\\dbt_packages\\dbt_utils\\integration_tests\\data\\schema_tests\\data_test_equal_rowcount.csv', 'dbt_packages\\dbt_utils\\integration_tests\\dbt_packages\\dbt_utils\\integration_tests\\dbt_packages\\dbt_utils\\integration_tests\\data\\schema_tests\\data_test_equal_rowcount.csv', '[WinError 3] The system cannot find the path specified'), ('C:\\Projects\\Fabric_Framework\\Baseline_Project\\dbt_project\\dbt_packages\\dbt_utils\\integration_tests\\dbt_packages\\dbt_utils\\integration_tests\\dbt_packages\\dbt_utils\\integration_tests\\data\\schema_tests\\data_test_expression_is_true.csv', 'dbt_packages\\dbt_utils\\integration_tests\\dbt_packages\\dbt_utils\\integration_tests\\dbt_packages\\dbt_utils\\integration_tests\\data\\schema_tests\\data_test_expression_is_true.csv', '[WinError 3] The system cannot find the path specified'), ('C:\\Projects\\Fabric_Framework\\Baseline_Project\\dbt_project\\dbt_packages\\dbt_utils\\integration_tests\\dbt_packages\\dbt_utils\\integration_tests\\dbt_packages\\dbt_utils\\integration_tests\\data\\schema_tests\\data_test_fewer_rows_than_table_1.csv', 'dbt_packages\\dbt_utils\\integration_tests\\dbt_packages\\dbt_utils\\integration_tests\\dbt_packages\\dbt_utils\\integration_tests\\data\\schema_tests\\data_test_fewer_rows_than_table_1.csv', '[WinError 3] The system cannot find the path specified'), ('C:\\Projects\\Fabric_Framework\\Baseline_Project\\dbt_project\\dbt_packages\\dbt_utils\\integration_tests\\dbt_packages\\dbt_utils\\integration_tests\\dbt_packages\\dbt_utils\\integration_tests\\data\\schema_tests\\data_test_fewer_rows_than_table_2.csv', 'dbt_packages\\dbt_utils\\integration_tests\\dbt_packages\\dbt_utils\\integration_tests\\dbt_packages\\dbt_utils\\integration_tests\\data\\schema_tests\\data_test_fewer_rows_than_table_2.csv', '[WinError 3] The system cannot find the path specified'), ('C:\\Projects\\Fabric_Framework\\Baseline_Project\\dbt_project\\dbt_packages\\dbt_utils\\integration_tests\\dbt_packages\\dbt_utils\\integration_tests\\dbt_packages\\dbt_utils\\integration_tests\\data\\schema_tests\\data_test_mutually_exclusive_ranges_no_gaps.csv', 'dbt_packages\\dbt_utils\\integration_tests\\dbt_packages\\dbt_utils\\integration_tests\\dbt_packages\\dbt_utils\\integration_tests\\data\\schema_tests\\data_test_mutually_exclusive_ranges_no_gaps.csv', '[WinError 3] The system cannot find the path specified'), ('C:\\Projects\\Fabric_Framework\\Baseline_Project\\dbt_project\\dbt_packages\\dbt_utils\\integration_tests\\dbt_packages\\dbt_utils\\integration_tests\\dbt_packages\\dbt_utils\\integration_tests\\data\\schema_tests\\data_test_mutually_exclusive_ranges_with_gaps.csv', 'dbt_packages\\dbt_utils\\integration_tests\\dbt_packages\\dbt_utils\\integration_tests\\dbt_packages\\dbt_utils\\integration_tests\\data\\schema_tests\\data_test_mutually_exclusive_ranges_with_gaps.csv', '[WinError 3] The system cannot find the path specified'), ('C:\\Projects\\Fabric_Framework\\Baseline_Project\\dbt_project\\dbt_packages\\dbt_utils\\integration_tests\\dbt_packages\\dbt_utils\\integration_tests\\dbt_packages\\dbt_utils\\integration_tests\\data\\schema_tests\\data_test_not_accepted_values.csv', 'dbt_packages\\dbt_utils\\integration_tests\\dbt_packages\\dbt_utils\\integration_tests\\dbt_packages\\dbt_utils\\integration_tests\\data\\schema_tests\\data_test_not_accepted_values.csv', '[WinError 3] The system cannot find the path specified'), ('C:\\Projects\\Fabric_Framework\\Baseline_Project\\dbt_project\\dbt_packages\\dbt_utils\\integration_tests\\dbt_packages\\dbt_utils\\integration_tests\\dbt_packages\\dbt_utils\\integration_tests\\data\\schema_tests\\data_test_not_constant.csv', 'dbt_packages\\dbt_utils\\integration_tests\\dbt_packages\\dbt_utils\\integration_tests\\dbt_packages\\dbt_utils\\integration_tests\\data\\schema_tests\\data_test_not_constant.csv', '[WinError 3] The system cannot find the path specified'), ('C:\\Projects\\Fabric_Framework\\Baseline_Project\\dbt_project\\dbt_packages\\dbt_utils\\integration_tests\\dbt_packages\\dbt_utils\\integration_tests\\dbt_packages\\dbt_utils\\integration_tests\\data\\schema_tests\\data_test_relationships_where_table_1.csv', 'dbt_packages\\dbt_utils\\integration_tests\\dbt_packages\\dbt_utils\\integration_tests\\dbt_packages\\dbt_utils\\integration_tests\\data\\schema_tests\\data_test_relationships_where_table_1.csv', '[WinError 3] The system cannot find the path specified'), ('C:\\Projects\\Fabric_Framework\\Baseline_Project\\dbt_project\\dbt_packages\\dbt_utils\\integration_tests\\dbt_packages\\dbt_utils\\integration_tests\\dbt_packages\\dbt_utils\\integration_tests\\data\\schema_tests\\data_test_relationships_where_table_2.csv', 'dbt_packages\\dbt_utils\\integration_tests\\dbt_packages\\dbt_utils\\integration_tests\\dbt_packages\\dbt_utils\\integration_tests\\data\\schema_tests\\data_test_relationships_where_table_2.csv', '[WinError 3] The system cannot find the path specified'), ('C:\\Projects\\Fabric_Framework\\Baseline_Project\\dbt_project\\dbt_packages\\dbt_utils\\integration_tests\\dbt_packages\\dbt_utils\\integration_tests\\dbt_packages\\dbt_utils\\integration_tests\\data\\schema_tests\\data_test_sequential_timestamps.csv', 'dbt_packages\\dbt_utils\\integration_tests\\dbt_packages\\dbt_utils\\integration_tests\\dbt_packages\\dbt_utils\\integration_tests\\data\\schema_tests\\data_test_sequential_timestamps.csv', '[WinError 3] The system cannot find the path specified'), ('C:\\Projects\\Fabric_Framework\\Baseline_Project\\dbt_project\\dbt_packages\\dbt_utils\\integration_tests\\dbt_packages\\dbt_utils\\integration_tests\\dbt_packages\\dbt_utils\\integration_tests\\data\\schema_tests\\data_test_sequential_values.csv', 'dbt_packages\\dbt_utils\\integration_tests\\dbt_packages\\dbt_utils\\integration_tests\\dbt_packages\\dbt_utils\\integration_tests\\data\\schema_tests\\data_test_sequential_values.csv', '[WinError 3] The system cannot find the path specified'), ('C:\\Projects\\Fabric_Framework\\Baseline_Project\\dbt_project\\dbt_packages\\dbt_utils\\integration_tests\\dbt_packages\\dbt_utils\\integration_tests\\dbt_packages\\dbt_utils\\integration_tests\\data\\schema_tests\\data_unique_combination_of_columns.csv', 'dbt_packages\\dbt_utils\\integration_tests\\dbt_packages\\dbt_utils\\integration_tests\\dbt_packages\\dbt_utils\\integration_tests\\data\\schema_tests\\data_unique_combination_of_columns.csv', '[WinError 3] The system cannot find the path specified'), ('C:\\Projects\\Fabric_Framework\\Baseline_Project\\dbt_project\\dbt_packages\\dbt_utils\\integration_tests\\dbt_packages\\dbt_utils\\integration_tests\\dbt_packages\\dbt_utils\\integration_tests\\data\\sql\\data_deduplicate_expected.csv', 'dbt_packages\\dbt_utils\\integration_tests\\dbt_packages\\dbt_utils\\integration_tests\\dbt_packages\\dbt_utils\\integration_tests\\data\\sql\\data_deduplicate_expected.csv', '[WinError 3] The system cannot find the path specified'), ('C:\\Projects\\Fabric_Framework\\Baseline_Project\\dbt_project\\dbt_packages\\dbt_utils\\integration_tests\\dbt_packages\\dbt_utils\\integration_tests\\dbt_packages\\dbt_utils\\integration_tests\\data\\sql\\data_filtered_columns_in_relation.csv', 'dbt_packages\\dbt_utils\\integration_tests\\dbt_packages\\dbt_utils\\integration_tests\\dbt_packages\\dbt_utils\\integration_tests\\data\\sql\\data_filtered_columns_in_relation.csv', '[WinError 3] The system cannot find the path specified'), ('C:\\Projects\\Fabric_Framework\\Baseline_Project\\dbt_project\\dbt_packages\\dbt_utils\\integration_tests\\dbt_packages\\dbt_utils\\integration_tests\\dbt_packages\\dbt_utils\\integration_tests\\data\\sql\\data_filtered_columns_in_relation_expected.csv', 'dbt_packages\\dbt_utils\\integration_tests\\dbt_packages\\dbt_utils\\integration_tests\\dbt_packages\\dbt_utils\\integration_tests\\data\\sql\\data_filtered_columns_in_relation_expected.csv', '[WinError 3] The system cannot find the path specified'), ('C:\\Projects\\Fabric_Framework\\Baseline_Project\\dbt_project\\dbt_packages\\dbt_utils\\integration_tests\\dbt_packages\\dbt_utils\\integration_tests\\dbt_packages\\dbt_utils\\integration_tests\\data\\sql\\data_generate_surrogate_key.csv', 'dbt_packages\\dbt_utils\\integration_tests\\dbt_packages\\dbt_utils\\integration_tests\\dbt_packages\\dbt_utils\\integration_tests\\data\\sql\\data_generate_surrogate_key.csv', '[WinError 3] The system cannot find the path specified'), ('C:\\Projects\\Fabric_Framework\\Baseline_Project\\dbt_project\\dbt_packages\\dbt_utils\\integration_tests\\dbt_packages\\dbt_utils\\integration_tests\\dbt_packages\\dbt_utils\\integration_tests\\data\\sql\\data_get_column_values_dropped.csv', 'dbt_packages\\dbt_utils\\integration_tests\\dbt_packages\\dbt_utils\\integration_tests\\dbt_packages\\dbt_utils\\integration_tests\\data\\sql\\data_get_column_values_dropped.csv', '[WinError 3] The system cannot find the path specified'), ('C:\\Projects\\Fabric_Framework\\Baseline_Project\\dbt_project\\dbt_packages\\dbt_utils\\integration_tests\\dbt_packages\\dbt_utils\\integration_tests\\dbt_packages\\dbt_utils\\integration_tests\\data\\sql\\data_get_column_values_where.csv', 'dbt_packages\\dbt_utils\\integration_tests\\dbt_packages\\dbt_utils\\integration_tests\\dbt_packages\\dbt_utils\\integration_tests\\data\\sql\\data_get_column_values_where.csv', '[WinError 3] The system cannot find the path specified'), ('C:\\Projects\\Fabric_Framework\\Baseline_Project\\dbt_project\\dbt_packages\\dbt_utils\\integration_tests\\dbt_packages\\dbt_utils\\integration_tests\\dbt_packages\\dbt_utils\\integration_tests\\data\\sql\\data_get_column_values_where_expected.csv', 'dbt_packages\\dbt_utils\\integration_tests\\dbt_packages\\dbt_utils\\integration_tests\\dbt_packages\\dbt_utils\\integration_tests\\data\\sql\\data_get_column_values_where_expected.csv', '[WinError 3] The system cannot find the path specified'), ('C:\\Projects\\Fabric_Framework\\Baseline_Project\\dbt_project\\dbt_packages\\dbt_utils\\integration_tests\\dbt_packages\\dbt_utils\\integration_tests\\dbt_packages\\dbt_utils\\integration_tests\\data\\sql\\data_get_query_results_as_dict.csv', 'dbt_packages\\dbt_utils\\integration_tests\\dbt_packages\\dbt_utils\\integration_tests\\dbt_packages\\dbt_utils\\integration_tests\\data\\sql\\data_get_query_results_as_dict.csv', '[WinError 3] The system cannot find the path specified'), ('C:\\Projects\\Fabric_Framework\\Baseline_Project\\dbt_project\\dbt_packages\\dbt_utils\\integration_tests\\dbt_packages\\dbt_utils\\integration_tests\\dbt_packages\\dbt_utils\\integration_tests\\data\\sql\\data_pivot_expected_apostrophe.csv', 'dbt_packages\\dbt_utils\\integration_tests\\dbt_packages\\dbt_utils\\integration_tests\\dbt_packages\\dbt_utils\\integration_tests\\data\\sql\\data_pivot_expected_apostrophe.csv', '[WinError 3] The system cannot find the path specified'), ('C:\\Projects\\Fabric_Framework\\Baseline_Project\\dbt_project\\dbt_packages\\dbt_utils\\integration_tests\\dbt_packages\\dbt_utils\\integration_tests\\dbt_packages\\dbt_utils\\integration_tests\\data\\sql\\data_safe_divide_denominator_expressions.csv', 'dbt_packages\\dbt_utils\\integration_tests\\dbt_packages\\dbt_utils\\integration_tests\\dbt_packages\\dbt_utils\\integration_tests\\data\\sql\\data_safe_divide_denominator_expressions.csv', '[WinError 3] The system cannot find the path specified'), ('C:\\Projects\\Fabric_Framework\\Baseline_Project\\dbt_project\\dbt_packages\\dbt_utils\\integration_tests\\dbt_packages\\dbt_utils\\integration_tests\\dbt_packages\\dbt_utils\\integration_tests\\data\\sql\\data_safe_divide_numerator_expressions.csv', 'dbt_packages\\dbt_utils\\integration_tests\\dbt_packages\\dbt_utils\\integration_tests\\dbt_packages\\dbt_utils\\integration_tests\\data\\sql\\data_safe_divide_numerator_expressions.csv', '[WinError 3] The system cannot find the path specified'), ('C:\\Projects\\Fabric_Framework\\Baseline_Project\\dbt_project\\dbt_packages\\dbt_utils\\integration_tests\\dbt_packages\\dbt_utils\\integration_tests\\dbt_packages\\dbt_utils\\integration_tests\\data\\sql\\data_star_aggregate_expected.csv', 'dbt_packages\\dbt_utils\\integration_tests\\dbt_packages\\dbt_utils\\integration_tests\\dbt_packages\\dbt_utils\\integration_tests\\data\\sql\\data_star_aggregate_expected.csv', '[WinError 3] The system cannot find the path specified'), ('C:\\Projects\\Fabric_Framework\\Baseline_Project\\dbt_project\\dbt_packages\\dbt_utils\\integration_tests\\dbt_packages\\dbt_utils\\integration_tests\\dbt_packages\\dbt_utils\\integration_tests\\data\\sql\\data_star_prefix_suffix_expected.csv', 'dbt_packages\\dbt_utils\\integration_tests\\dbt_packages\\dbt_utils\\integration_tests\\dbt_packages\\dbt_utils\\integration_tests\\data\\sql\\data_star_prefix_suffix_expected.csv', '[WinError 3] The system cannot find the path specified'), ('C:\\Projects\\Fabric_Framework\\Baseline_Project\\dbt_project\\dbt_packages\\dbt_utils\\integration_tests\\dbt_packages\\dbt_utils\\integration_tests\\dbt_packages\\dbt_utils\\integration_tests\\data\\sql\\data_star_quote_identifiers.csv', 'dbt_packages\\dbt_utils\\integration_tests\\dbt_packages\\dbt_utils\\integration_tests\\dbt_packages\\dbt_utils\\integration_tests\\data\\sql\\data_star_quote_identifiers.csv', '[WinError 3] The system cannot find the path specified'), ('C:\\Projects\\Fabric_Framework\\Baseline_Project\\dbt_project\\dbt_packages\\dbt_utils\\integration_tests\\dbt_packages\\dbt_utils\\integration_tests\\dbt_packages\\dbt_utils\\integration_tests\\data\\sql\\data_union_events_expected.csv', 'dbt_packages\\dbt_utils\\integration_tests\\dbt_packages\\dbt_utils\\integration_tests\\dbt_packages\\dbt_utils\\integration_tests\\data\\sql\\data_union_events_expected.csv', '[WinError 3] The system cannot find the path specified'), ('C:\\Projects\\Fabric_Framework\\Baseline_Project\\dbt_project\\dbt_packages\\dbt_utils\\integration_tests\\dbt_packages\\dbt_utils\\integration_tests\\dbt_packages\\dbt_utils\\integration_tests\\data\\sql\\data_union_exclude_expected.csv', 'dbt_packages\\dbt_utils\\integration_tests\\dbt_packages\\dbt_utils\\integration_tests\\dbt_packages\\dbt_utils\\integration_tests\\data\\sql\\data_union_exclude_expected.csv', '[WinError 3] The system cannot find the path specified'), ('C:\\Projects\\Fabric_Framework\\Baseline_Project\\dbt_project\\dbt_packages\\dbt_utils\\integration_tests\\dbt_packages\\dbt_utils\\integration_tests\\dbt_packages\\dbt_utils\\integration_tests\\data\\sql\\data_unpivot_bool_expected.csv', 'dbt_packages\\dbt_utils\\integration_tests\\dbt_packages\\dbt_utils\\integration_tests\\dbt_packages\\dbt_utils\\integration_tests\\data\\sql\\data_unpivot_bool_expected.csv', '[WinError 3] The system cannot find the path specified'), ('C:\\Projects\\Fabric_Framework\\Baseline_Project\\dbt_project\\dbt_packages\\dbt_utils\\integration_tests\\dbt_packages\\dbt_utils\\integration_tests\\dbt_packages\\dbt_utils\\integration_tests\\data\\sql\\data_unpivot_original_api_expected.csv', 'dbt_packages\\dbt_utils\\integration_tests\\dbt_packages\\dbt_utils\\integration_tests\\dbt_packages\\dbt_utils\\integration_tests\\data\\sql\\data_unpivot_original_api_expected.csv', '[WinError 3] The system cannot find the path specified'), ('C:\\Projects\\Fabric_Framework\\Baseline_Project\\dbt_project\\dbt_packages\\dbt_utils\\integration_tests\\dbt_packages\\dbt_utils\\integration_tests\\dbt_packages\\dbt_utils\\integration_tests\\data\\sql\\data_unpivot_quote_expected.csv', 'dbt_packages\\dbt_utils\\integration_tests\\dbt_packages\\dbt_utils\\integration_tests\\dbt_packages\\dbt_utils\\integration_tests\\data\\sql\\data_unpivot_quote_expected.csv', '[WinError 3] The system cannot find the path specified'), ('C:\\Projects\\Fabric_Framework\\Baseline_Project\\dbt_project\\dbt_packages\\dbt_utils\\integration_tests\\dbt_packages\\dbt_utils\\integration_tests\\dbt_packages\\dbt_utils\\integration_tests\\dbt_packages\\dbt_utils\\.circleci', 'dbt_packages\\dbt_utils\\integration_tests\\dbt_packages\\dbt_utils\\integration_tests\\dbt_packages\\dbt_utils\\integration_tests\\dbt_packages\\dbt_utils\\.circleci', "[WinError 206] The filename or extension is too long: 'dbt_packages\\\\dbt_utils\\\\integration_tests\\\\dbt_packages\\\\dbt_utils\\\\integration_tests\\\\dbt_packages\\\\dbt_utils\\\\integration_tests\\\\dbt_packages\\\\dbt_utils\\\\.circleci'"), ('C:\\Projects\\Fabric_Framework\\Baseline_Project\\dbt_project\\dbt_packages\\dbt_utils\\integration_tests\\dbt_packages\\dbt_utils\\integration_tests\\dbt_packages\\dbt_utils\\integration_tests\\dbt_packages\\dbt_utils\\.github', 'dbt_packages\\dbt_utils\\integration_tests\\dbt_packages\\dbt_utils\\integration_tests\\dbt_packages\\dbt_utils\\integration_tests\\dbt_packages\\dbt_utils\\.github', "[WinError 206] The filename or extension is too long: 'dbt_packages\\\\dbt_utils\\\\integration_tests\\\\dbt_packages\\\\dbt_utils\\\\integration_tests\\\\dbt_packages\\\\dbt_utils\\\\integration_tests\\\\dbt_packages\\\\dbt_utils\\\\.github'"), ('C:\\Projects\\Fabric_Framework\\Baseline_Project\\dbt_project\\dbt_packages\\dbt_utils\\integration_tests\\dbt_packages\\dbt_utils\\integration_tests\\dbt_packages\\dbt_utils\\integration_tests\\dbt_packages\\dbt_utils\\CONTRIBUTING.md', 'dbt_packages\\dbt_utils\\integration_tests\\dbt_packages\\dbt_utils\\integration_tests\\dbt_packages\\dbt_utils\\integration_tests\\dbt_packages\\dbt_utils\\CONTRIBUTING.md', '[WinError 3] The system cannot find the path specified'), ('C:\\Projects\\Fabric_Framework\\Baseline_Project\\dbt_project\\dbt_packages\\dbt_utils\\integration_tests\\dbt_packages\\dbt_utils\\integration_tests\\dbt_packages\\dbt_utils\\integration_tests\\dbt_packages\\dbt_utils\\dbt_packages', 'dbt_packages\\dbt_utils\\integration_tests\\dbt_packages\\dbt_utils\\integration_tests\\dbt_packages\\dbt_utils\\integration_tests\\dbt_packages\\dbt_utils\\dbt_packages', "[WinError 206] The filename or extension is too long: 'dbt_packages\\\\dbt_utils\\\\integration_tests\\\\dbt_packages\\\\dbt_utils\\\\integration_tests\\\\dbt_packages\\\\dbt_utils\\\\integration_tests\\\\dbt_packages\\\\dbt_utils\\\\dbt_packages'"), ('C:\\Projects\\Fabric_Framework\\Baseline_Project\\dbt_project\\dbt_packages\\dbt_utils\\integration_tests\\dbt_packages\\dbt_utils\\integration_tests\\dbt_packages\\dbt_utils\\integration_tests\\dbt_packages\\dbt_utils\\dbt_project.yml', 'dbt_packages\\dbt_utils\\integration_tests\\dbt_packages\\dbt_utils\\integration_tests\\dbt_packages\\dbt_utils\\integration_tests\\dbt_packages\\dbt_utils\\dbt_project.yml', '[WinError 3] The system cannot find the path specified'), ('C:\\Projects\\Fabric_Framework\\Baseline_Project\\dbt_project\\dbt_packages\\dbt_utils\\integration_tests\\dbt_packages\\dbt_utils\\integration_tests\\dbt_packages\\dbt_utils\\integration_tests\\dbt_packages\\dbt_utils\\dev-requirements.txt', 'dbt_packages\\dbt_utils\\integration_tests\\dbt_packages\\dbt_utils\\integration_tests\\dbt_packages\\dbt_utils\\integration_tests\\dbt_packages\\dbt_utils\\dev-requirements.txt', '[WinError 3] The system cannot find the path specified'), ('C:\\Projects\\Fabric_Framework\\Baseline_Project\\dbt_project\\dbt_packages\\dbt_utils\\integration_tests\\dbt_packages\\dbt_utils\\integration_tests\\dbt_packages\\dbt_utils\\integration_tests\\dbt_packages\\dbt_utils\\docker-compose.yml', 'dbt_packages\\dbt_utils\\integration_tests\\dbt_packages\\dbt_utils\\integration_tests\\dbt_packages\\dbt_utils\\integration_tests\\dbt_packages\\dbt_utils\\docker-compose.yml', '[WinError 3] The system cannot find the path specified'), ('C:\\Projects\\Fabric_Framework\\Baseline_Project\\dbt_project\\dbt_packages\\dbt_utils\\integration_tests\\dbt_packages\\dbt_utils\\integration_tests\\dbt_packages\\dbt_utils\\integration_tests\\dbt_packages\\dbt_utils\\docs', 'dbt_packages\\dbt_utils\\integration_tests\\dbt_packages\\dbt_utils\\integration_tests\\dbt_packages\\dbt_utils\\integration_tests\\dbt_packages\\dbt_utils\\docs', "[WinError 206] The filename or extension is too long: 'dbt_packages\\\\dbt_utils\\\\integration_tests\\\\dbt_packages\\\\dbt_utils\\\\integration_tests\\\\dbt_packages\\\\dbt_utils\\\\integration_tests\\\\dbt_packages\\\\dbt_utils\\\\docs'"), ('C:\\Projects\\Fabric_Framework\\Baseline_Project\\dbt_project\\dbt_packages\\dbt_utils\\integration_tests\\dbt_packages\\dbt_utils\\integration_tests\\dbt_packages\\dbt_utils\\integration_tests\\dbt_packages\\dbt_utils\\integration_tests', 'dbt_packages\\dbt_utils\\integration_tests\\dbt_packages\\dbt_utils\\integration_tests\\dbt_packages\\dbt_utils\\integration_tests\\dbt_packages\\dbt_utils\\integration_tests', "[WinError 3] The system cannot find the path specified: 'dbt_packages\\\\dbt_utils\\\\integration_tests\\\\dbt_packages\\\\dbt_utils\\\\integration_tests\\\\dbt_packages\\\\dbt_utils\\\\integration_tests\\\\dbt_packages\\\\dbt_utils\\\\integration_tests'")]
[0m10:07:06.427410 [error] [MainThread]: Traceback (most recent call last):
  File "C:\Projects\Fabric_Framework\fabric-env\Lib\site-packages\dbt\deps\local.py", line 64, in install
    system.make_symlink(src_path, dest_path)
  File "C:\Projects\Fabric_Framework\fabric-env\Lib\site-packages\dbt_common\clients\system.py", line 243, in make_symlink
    os.symlink(source, link_path)
OSError: [WinError 1314] A required privilege is not held by the client: 'C:\\Projects\\Fabric_Framework\\Baseline_Project\\dbt_project\\dbt_packages\\dbt_utils' -> 'dbt_packages\\dbt_utils'

During handling of the above exception, another exception occurred:

Traceback (most recent call last):
  File "C:\Projects\Fabric_Framework\fabric-env\Lib\site-packages\dbt\cli\requires.py", line 178, in wrapper
    result, success = func(*args, **kwargs)
                      ^^^^^^^^^^^^^^^^^^^^^
  File "C:\Projects\Fabric_Framework\fabric-env\Lib\site-packages\dbt\cli\requires.py", line 128, in wrapper
    return func(*args, **kwargs)
           ^^^^^^^^^^^^^^^^^^^^^
  File "C:\Projects\Fabric_Framework\fabric-env\Lib\site-packages\dbt\cli\requires.py", line 254, in wrapper
    return func(*args, **kwargs)
           ^^^^^^^^^^^^^^^^^^^^^
  File "C:\Projects\Fabric_Framework\fabric-env\Lib\site-packages\dbt\cli\requires.py", line 303, in wrapper
    return func(*args, **kwargs)
           ^^^^^^^^^^^^^^^^^^^^^
  File "C:\Projects\Fabric_Framework\fabric-env\Lib\site-packages\dbt\cli\main.py", line 461, in deps
    results = task.run()
              ^^^^^^^^^^
  File "C:\Projects\Fabric_Framework\fabric-env\Lib\site-packages\dbt\task\deps.py", line 258, in run
    package.install(self.project, renderer)
  File "C:\Projects\Fabric_Framework\fabric-env\Lib\site-packages\dbt\deps\local.py", line 67, in install
    shutil.copytree(src_path, dest_path)
  File "C:\Users\fashkani\AppData\Local\Programs\Python\Python312\Lib\shutil.py", line 600, in copytree
    return _copytree(entries=entries, src=src, dst=dst, symlinks=symlinks,
           ^^^^^^^^^^^^^^^^^^^^^^^^^^^^^^^^^^^^^^^^^^^^^^^^^^^^^^^^^^^^^^^
  File "C:\Users\fashkani\AppData\Local\Programs\Python\Python312\Lib\shutil.py", line 554, in _copytree
    raise Error(errors)
shutil.Error: [('C:\\Projects\\Fabric_Framework\\Baseline_Project\\dbt_project\\dbt_packages\\dbt_utils\\integration_tests\\dbt_packages\\dbt_utils\\integration_tests\\data\\schema_tests\\data_test_mutually_exclusive_ranges_with_gaps_zero_length.csv', 'dbt_packages\\dbt_utils\\integration_tests\\dbt_packages\\dbt_utils\\integration_tests\\data\\schema_tests\\data_test_mutually_exclusive_ranges_with_gaps_zero_length.csv', '[WinError 3] The system cannot find the path specified'), ('C:\\Projects\\Fabric_Framework\\Baseline_Project\\dbt_project\\dbt_packages\\dbt_utils\\integration_tests\\dbt_packages\\dbt_utils\\integration_tests\\dbt_packages\\dbt_utils\\docs\\decisions\\adr-0000-documenting-architecture-decisions.md', 'dbt_packages\\dbt_utils\\integration_tests\\dbt_packages\\dbt_utils\\integration_tests\\dbt_packages\\dbt_utils\\docs\\decisions\\adr-0000-documenting-architecture-decisions.md', '[WinError 3] The system cannot find the path specified'), ('C:\\Projects\\Fabric_Framework\\Baseline_Project\\dbt_project\\dbt_packages\\dbt_utils\\integration_tests\\dbt_packages\\dbt_utils\\integration_tests\\dbt_packages\\dbt_utils\\integration_tests\\data\\schema_tests\\data_cardinality_equality_a.csv', 'dbt_packages\\dbt_utils\\integration_tests\\dbt_packages\\dbt_utils\\integration_tests\\dbt_packages\\dbt_utils\\integration_tests\\data\\schema_tests\\data_cardinality_equality_a.csv', '[WinError 3] The system cannot find the path specified'), ('C:\\Projects\\Fabric_Framework\\Baseline_Project\\dbt_project\\dbt_packages\\dbt_utils\\integration_tests\\dbt_packages\\dbt_utils\\integration_tests\\dbt_packages\\dbt_utils\\integration_tests\\data\\schema_tests\\data_cardinality_equality_b.csv', 'dbt_packages\\dbt_utils\\integration_tests\\dbt_packages\\dbt_utils\\integration_tests\\dbt_packages\\dbt_utils\\integration_tests\\data\\schema_tests\\data_cardinality_equality_b.csv', '[WinError 3] The system cannot find the path specified'), ('C:\\Projects\\Fabric_Framework\\Baseline_Project\\dbt_project\\dbt_packages\\dbt_utils\\integration_tests\\dbt_packages\\dbt_utils\\integration_tests\\dbt_packages\\dbt_utils\\integration_tests\\data\\schema_tests\\data_not_null_proportion.csv', 'dbt_packages\\dbt_utils\\integration_tests\\dbt_packages\\dbt_utils\\integration_tests\\dbt_packages\\dbt_utils\\integration_tests\\data\\schema_tests\\data_not_null_proportion.csv', '[WinError 3] The system cannot find the path specified'), ('C:\\Projects\\Fabric_Framework\\Baseline_Project\\dbt_project\\dbt_packages\\dbt_utils\\integration_tests\\dbt_packages\\dbt_utils\\integration_tests\\dbt_packages\\dbt_utils\\integration_tests\\data\\schema_tests\\data_test_accepted_range.csv', 'dbt_packages\\dbt_utils\\integration_tests\\dbt_packages\\dbt_utils\\integration_tests\\dbt_packages\\dbt_utils\\integration_tests\\data\\schema_tests\\data_test_accepted_range.csv', '[WinError 3] The system cannot find the path specified'), ('C:\\Projects\\Fabric_Framework\\Baseline_Project\\dbt_project\\dbt_packages\\dbt_utils\\integration_tests\\dbt_packages\\dbt_utils\\integration_tests\\dbt_packages\\dbt_utils\\integration_tests\\data\\schema_tests\\data_test_at_least_one.csv', 'dbt_packages\\dbt_utils\\integration_tests\\dbt_packages\\dbt_utils\\integration_tests\\dbt_packages\\dbt_utils\\integration_tests\\data\\schema_tests\\data_test_at_least_one.csv', '[WinError 3] The system cannot find the path specified'), ('C:\\Projects\\Fabric_Framework\\Baseline_Project\\dbt_project\\dbt_packages\\dbt_utils\\integration_tests\\dbt_packages\\dbt_utils\\integration_tests\\dbt_packages\\dbt_utils\\integration_tests\\data\\schema_tests\\data_test_equality_a.csv', 'dbt_packages\\dbt_utils\\integration_tests\\dbt_packages\\dbt_utils\\integration_tests\\dbt_packages\\dbt_utils\\integration_tests\\data\\schema_tests\\data_test_equality_a.csv', '[WinError 3] The system cannot find the path specified'), ('C:\\Projects\\Fabric_Framework\\Baseline_Project\\dbt_project\\dbt_packages\\dbt_utils\\integration_tests\\dbt_packages\\dbt_utils\\integration_tests\\dbt_packages\\dbt_utils\\integration_tests\\data\\schema_tests\\data_test_equality_b.csv', 'dbt_packages\\dbt_utils\\integration_tests\\dbt_packages\\dbt_utils\\integration_tests\\dbt_packages\\dbt_utils\\integration_tests\\data\\schema_tests\\data_test_equality_b.csv', '[WinError 3] The system cannot find the path specified'), ('C:\\Projects\\Fabric_Framework\\Baseline_Project\\dbt_project\\dbt_packages\\dbt_utils\\integration_tests\\dbt_packages\\dbt_utils\\integration_tests\\dbt_packages\\dbt_utils\\integration_tests\\data\\schema_tests\\data_test_equality_floats_a.csv', 'dbt_packages\\dbt_utils\\integration_tests\\dbt_packages\\dbt_utils\\integration_tests\\dbt_packages\\dbt_utils\\integration_tests\\data\\schema_tests\\data_test_equality_floats_a.csv', '[WinError 3] The system cannot find the path specified'), ('C:\\Projects\\Fabric_Framework\\Baseline_Project\\dbt_project\\dbt_packages\\dbt_utils\\integration_tests\\dbt_packages\\dbt_utils\\integration_tests\\dbt_packages\\dbt_utils\\integration_tests\\data\\schema_tests\\data_test_equality_floats_b.csv', 'dbt_packages\\dbt_utils\\integration_tests\\dbt_packages\\dbt_utils\\integration_tests\\dbt_packages\\dbt_utils\\integration_tests\\data\\schema_tests\\data_test_equality_floats_b.csv', '[WinError 3] The system cannot find the path specified'), ('C:\\Projects\\Fabric_Framework\\Baseline_Project\\dbt_project\\dbt_packages\\dbt_utils\\integration_tests\\dbt_packages\\dbt_utils\\integration_tests\\dbt_packages\\dbt_utils\\integration_tests\\data\\schema_tests\\data_test_equality_floats_columns_a.csv', 'dbt_packages\\dbt_utils\\integration_tests\\dbt_packages\\dbt_utils\\integration_tests\\dbt_packages\\dbt_utils\\integration_tests\\data\\schema_tests\\data_test_equality_floats_columns_a.csv', '[WinError 3] The system cannot find the path specified'), ('C:\\Projects\\Fabric_Framework\\Baseline_Project\\dbt_project\\dbt_packages\\dbt_utils\\integration_tests\\dbt_packages\\dbt_utils\\integration_tests\\dbt_packages\\dbt_utils\\integration_tests\\data\\schema_tests\\data_test_equality_floats_columns_b.csv', 'dbt_packages\\dbt_utils\\integration_tests\\dbt_packages\\dbt_utils\\integration_tests\\dbt_packages\\dbt_utils\\integration_tests\\data\\schema_tests\\data_test_equality_floats_columns_b.csv', '[WinError 3] The system cannot find the path specified'), ('C:\\Projects\\Fabric_Framework\\Baseline_Project\\dbt_project\\dbt_packages\\dbt_utils\\integration_tests\\dbt_packages\\dbt_utils\\integration_tests\\dbt_packages\\dbt_utils\\integration_tests\\data\\schema_tests\\data_test_equal_rowcount.csv', 'dbt_packages\\dbt_utils\\integration_tests\\dbt_packages\\dbt_utils\\integration_tests\\dbt_packages\\dbt_utils\\integration_tests\\data\\schema_tests\\data_test_equal_rowcount.csv', '[WinError 3] The system cannot find the path specified'), ('C:\\Projects\\Fabric_Framework\\Baseline_Project\\dbt_project\\dbt_packages\\dbt_utils\\integration_tests\\dbt_packages\\dbt_utils\\integration_tests\\dbt_packages\\dbt_utils\\integration_tests\\data\\schema_tests\\data_test_expression_is_true.csv', 'dbt_packages\\dbt_utils\\integration_tests\\dbt_packages\\dbt_utils\\integration_tests\\dbt_packages\\dbt_utils\\integration_tests\\data\\schema_tests\\data_test_expression_is_true.csv', '[WinError 3] The system cannot find the path specified'), ('C:\\Projects\\Fabric_Framework\\Baseline_Project\\dbt_project\\dbt_packages\\dbt_utils\\integration_tests\\dbt_packages\\dbt_utils\\integration_tests\\dbt_packages\\dbt_utils\\integration_tests\\data\\schema_tests\\data_test_fewer_rows_than_table_1.csv', 'dbt_packages\\dbt_utils\\integration_tests\\dbt_packages\\dbt_utils\\integration_tests\\dbt_packages\\dbt_utils\\integration_tests\\data\\schema_tests\\data_test_fewer_rows_than_table_1.csv', '[WinError 3] The system cannot find the path specified'), ('C:\\Projects\\Fabric_Framework\\Baseline_Project\\dbt_project\\dbt_packages\\dbt_utils\\integration_tests\\dbt_packages\\dbt_utils\\integration_tests\\dbt_packages\\dbt_utils\\integration_tests\\data\\schema_tests\\data_test_fewer_rows_than_table_2.csv', 'dbt_packages\\dbt_utils\\integration_tests\\dbt_packages\\dbt_utils\\integration_tests\\dbt_packages\\dbt_utils\\integration_tests\\data\\schema_tests\\data_test_fewer_rows_than_table_2.csv', '[WinError 3] The system cannot find the path specified'), ('C:\\Projects\\Fabric_Framework\\Baseline_Project\\dbt_project\\dbt_packages\\dbt_utils\\integration_tests\\dbt_packages\\dbt_utils\\integration_tests\\dbt_packages\\dbt_utils\\integration_tests\\data\\schema_tests\\data_test_mutually_exclusive_ranges_no_gaps.csv', 'dbt_packages\\dbt_utils\\integration_tests\\dbt_packages\\dbt_utils\\integration_tests\\dbt_packages\\dbt_utils\\integration_tests\\data\\schema_tests\\data_test_mutually_exclusive_ranges_no_gaps.csv', '[WinError 3] The system cannot find the path specified'), ('C:\\Projects\\Fabric_Framework\\Baseline_Project\\dbt_project\\dbt_packages\\dbt_utils\\integration_tests\\dbt_packages\\dbt_utils\\integration_tests\\dbt_packages\\dbt_utils\\integration_tests\\data\\schema_tests\\data_test_mutually_exclusive_ranges_with_gaps.csv', 'dbt_packages\\dbt_utils\\integration_tests\\dbt_packages\\dbt_utils\\integration_tests\\dbt_packages\\dbt_utils\\integration_tests\\data\\schema_tests\\data_test_mutually_exclusive_ranges_with_gaps.csv', '[WinError 3] The system cannot find the path specified'), ('C:\\Projects\\Fabric_Framework\\Baseline_Project\\dbt_project\\dbt_packages\\dbt_utils\\integration_tests\\dbt_packages\\dbt_utils\\integration_tests\\dbt_packages\\dbt_utils\\integration_tests\\data\\schema_tests\\data_test_not_accepted_values.csv', 'dbt_packages\\dbt_utils\\integration_tests\\dbt_packages\\dbt_utils\\integration_tests\\dbt_packages\\dbt_utils\\integration_tests\\data\\schema_tests\\data_test_not_accepted_values.csv', '[WinError 3] The system cannot find the path specified'), ('C:\\Projects\\Fabric_Framework\\Baseline_Project\\dbt_project\\dbt_packages\\dbt_utils\\integration_tests\\dbt_packages\\dbt_utils\\integration_tests\\dbt_packages\\dbt_utils\\integration_tests\\data\\schema_tests\\data_test_not_constant.csv', 'dbt_packages\\dbt_utils\\integration_tests\\dbt_packages\\dbt_utils\\integration_tests\\dbt_packages\\dbt_utils\\integration_tests\\data\\schema_tests\\data_test_not_constant.csv', '[WinError 3] The system cannot find the path specified'), ('C:\\Projects\\Fabric_Framework\\Baseline_Project\\dbt_project\\dbt_packages\\dbt_utils\\integration_tests\\dbt_packages\\dbt_utils\\integration_tests\\dbt_packages\\dbt_utils\\integration_tests\\data\\schema_tests\\data_test_relationships_where_table_1.csv', 'dbt_packages\\dbt_utils\\integration_tests\\dbt_packages\\dbt_utils\\integration_tests\\dbt_packages\\dbt_utils\\integration_tests\\data\\schema_tests\\data_test_relationships_where_table_1.csv', '[WinError 3] The system cannot find the path specified'), ('C:\\Projects\\Fabric_Framework\\Baseline_Project\\dbt_project\\dbt_packages\\dbt_utils\\integration_tests\\dbt_packages\\dbt_utils\\integration_tests\\dbt_packages\\dbt_utils\\integration_tests\\data\\schema_tests\\data_test_relationships_where_table_2.csv', 'dbt_packages\\dbt_utils\\integration_tests\\dbt_packages\\dbt_utils\\integration_tests\\dbt_packages\\dbt_utils\\integration_tests\\data\\schema_tests\\data_test_relationships_where_table_2.csv', '[WinError 3] The system cannot find the path specified'), ('C:\\Projects\\Fabric_Framework\\Baseline_Project\\dbt_project\\dbt_packages\\dbt_utils\\integration_tests\\dbt_packages\\dbt_utils\\integration_tests\\dbt_packages\\dbt_utils\\integration_tests\\data\\schema_tests\\data_test_sequential_timestamps.csv', 'dbt_packages\\dbt_utils\\integration_tests\\dbt_packages\\dbt_utils\\integration_tests\\dbt_packages\\dbt_utils\\integration_tests\\data\\schema_tests\\data_test_sequential_timestamps.csv', '[WinError 3] The system cannot find the path specified'), ('C:\\Projects\\Fabric_Framework\\Baseline_Project\\dbt_project\\dbt_packages\\dbt_utils\\integration_tests\\dbt_packages\\dbt_utils\\integration_tests\\dbt_packages\\dbt_utils\\integration_tests\\data\\schema_tests\\data_test_sequential_values.csv', 'dbt_packages\\dbt_utils\\integration_tests\\dbt_packages\\dbt_utils\\integration_tests\\dbt_packages\\dbt_utils\\integration_tests\\data\\schema_tests\\data_test_sequential_values.csv', '[WinError 3] The system cannot find the path specified'), ('C:\\Projects\\Fabric_Framework\\Baseline_Project\\dbt_project\\dbt_packages\\dbt_utils\\integration_tests\\dbt_packages\\dbt_utils\\integration_tests\\dbt_packages\\dbt_utils\\integration_tests\\data\\schema_tests\\data_unique_combination_of_columns.csv', 'dbt_packages\\dbt_utils\\integration_tests\\dbt_packages\\dbt_utils\\integration_tests\\dbt_packages\\dbt_utils\\integration_tests\\data\\schema_tests\\data_unique_combination_of_columns.csv', '[WinError 3] The system cannot find the path specified'), ('C:\\Projects\\Fabric_Framework\\Baseline_Project\\dbt_project\\dbt_packages\\dbt_utils\\integration_tests\\dbt_packages\\dbt_utils\\integration_tests\\dbt_packages\\dbt_utils\\integration_tests\\data\\sql\\data_deduplicate_expected.csv', 'dbt_packages\\dbt_utils\\integration_tests\\dbt_packages\\dbt_utils\\integration_tests\\dbt_packages\\dbt_utils\\integration_tests\\data\\sql\\data_deduplicate_expected.csv', '[WinError 3] The system cannot find the path specified'), ('C:\\Projects\\Fabric_Framework\\Baseline_Project\\dbt_project\\dbt_packages\\dbt_utils\\integration_tests\\dbt_packages\\dbt_utils\\integration_tests\\dbt_packages\\dbt_utils\\integration_tests\\data\\sql\\data_filtered_columns_in_relation.csv', 'dbt_packages\\dbt_utils\\integration_tests\\dbt_packages\\dbt_utils\\integration_tests\\dbt_packages\\dbt_utils\\integration_tests\\data\\sql\\data_filtered_columns_in_relation.csv', '[WinError 3] The system cannot find the path specified'), ('C:\\Projects\\Fabric_Framework\\Baseline_Project\\dbt_project\\dbt_packages\\dbt_utils\\integration_tests\\dbt_packages\\dbt_utils\\integration_tests\\dbt_packages\\dbt_utils\\integration_tests\\data\\sql\\data_filtered_columns_in_relation_expected.csv', 'dbt_packages\\dbt_utils\\integration_tests\\dbt_packages\\dbt_utils\\integration_tests\\dbt_packages\\dbt_utils\\integration_tests\\data\\sql\\data_filtered_columns_in_relation_expected.csv', '[WinError 3] The system cannot find the path specified'), ('C:\\Projects\\Fabric_Framework\\Baseline_Project\\dbt_project\\dbt_packages\\dbt_utils\\integration_tests\\dbt_packages\\dbt_utils\\integration_tests\\dbt_packages\\dbt_utils\\integration_tests\\data\\sql\\data_generate_surrogate_key.csv', 'dbt_packages\\dbt_utils\\integration_tests\\dbt_packages\\dbt_utils\\integration_tests\\dbt_packages\\dbt_utils\\integration_tests\\data\\sql\\data_generate_surrogate_key.csv', '[WinError 3] The system cannot find the path specified'), ('C:\\Projects\\Fabric_Framework\\Baseline_Project\\dbt_project\\dbt_packages\\dbt_utils\\integration_tests\\dbt_packages\\dbt_utils\\integration_tests\\dbt_packages\\dbt_utils\\integration_tests\\data\\sql\\data_get_column_values_dropped.csv', 'dbt_packages\\dbt_utils\\integration_tests\\dbt_packages\\dbt_utils\\integration_tests\\dbt_packages\\dbt_utils\\integration_tests\\data\\sql\\data_get_column_values_dropped.csv', '[WinError 3] The system cannot find the path specified'), ('C:\\Projects\\Fabric_Framework\\Baseline_Project\\dbt_project\\dbt_packages\\dbt_utils\\integration_tests\\dbt_packages\\dbt_utils\\integration_tests\\dbt_packages\\dbt_utils\\integration_tests\\data\\sql\\data_get_column_values_where.csv', 'dbt_packages\\dbt_utils\\integration_tests\\dbt_packages\\dbt_utils\\integration_tests\\dbt_packages\\dbt_utils\\integration_tests\\data\\sql\\data_get_column_values_where.csv', '[WinError 3] The system cannot find the path specified'), ('C:\\Projects\\Fabric_Framework\\Baseline_Project\\dbt_project\\dbt_packages\\dbt_utils\\integration_tests\\dbt_packages\\dbt_utils\\integration_tests\\dbt_packages\\dbt_utils\\integration_tests\\data\\sql\\data_get_column_values_where_expected.csv', 'dbt_packages\\dbt_utils\\integration_tests\\dbt_packages\\dbt_utils\\integration_tests\\dbt_packages\\dbt_utils\\integration_tests\\data\\sql\\data_get_column_values_where_expected.csv', '[WinError 3] The system cannot find the path specified'), ('C:\\Projects\\Fabric_Framework\\Baseline_Project\\dbt_project\\dbt_packages\\dbt_utils\\integration_tests\\dbt_packages\\dbt_utils\\integration_tests\\dbt_packages\\dbt_utils\\integration_tests\\data\\sql\\data_get_query_results_as_dict.csv', 'dbt_packages\\dbt_utils\\integration_tests\\dbt_packages\\dbt_utils\\integration_tests\\dbt_packages\\dbt_utils\\integration_tests\\data\\sql\\data_get_query_results_as_dict.csv', '[WinError 3] The system cannot find the path specified'), ('C:\\Projects\\Fabric_Framework\\Baseline_Project\\dbt_project\\dbt_packages\\dbt_utils\\integration_tests\\dbt_packages\\dbt_utils\\integration_tests\\dbt_packages\\dbt_utils\\integration_tests\\data\\sql\\data_pivot_expected_apostrophe.csv', 'dbt_packages\\dbt_utils\\integration_tests\\dbt_packages\\dbt_utils\\integration_tests\\dbt_packages\\dbt_utils\\integration_tests\\data\\sql\\data_pivot_expected_apostrophe.csv', '[WinError 3] The system cannot find the path specified'), ('C:\\Projects\\Fabric_Framework\\Baseline_Project\\dbt_project\\dbt_packages\\dbt_utils\\integration_tests\\dbt_packages\\dbt_utils\\integration_tests\\dbt_packages\\dbt_utils\\integration_tests\\data\\sql\\data_safe_divide_denominator_expressions.csv', 'dbt_packages\\dbt_utils\\integration_tests\\dbt_packages\\dbt_utils\\integration_tests\\dbt_packages\\dbt_utils\\integration_tests\\data\\sql\\data_safe_divide_denominator_expressions.csv', '[WinError 3] The system cannot find the path specified'), ('C:\\Projects\\Fabric_Framework\\Baseline_Project\\dbt_project\\dbt_packages\\dbt_utils\\integration_tests\\dbt_packages\\dbt_utils\\integration_tests\\dbt_packages\\dbt_utils\\integration_tests\\data\\sql\\data_safe_divide_numerator_expressions.csv', 'dbt_packages\\dbt_utils\\integration_tests\\dbt_packages\\dbt_utils\\integration_tests\\dbt_packages\\dbt_utils\\integration_tests\\data\\sql\\data_safe_divide_numerator_expressions.csv', '[WinError 3] The system cannot find the path specified'), ('C:\\Projects\\Fabric_Framework\\Baseline_Project\\dbt_project\\dbt_packages\\dbt_utils\\integration_tests\\dbt_packages\\dbt_utils\\integration_tests\\dbt_packages\\dbt_utils\\integration_tests\\data\\sql\\data_star_aggregate_expected.csv', 'dbt_packages\\dbt_utils\\integration_tests\\dbt_packages\\dbt_utils\\integration_tests\\dbt_packages\\dbt_utils\\integration_tests\\data\\sql\\data_star_aggregate_expected.csv', '[WinError 3] The system cannot find the path specified'), ('C:\\Projects\\Fabric_Framework\\Baseline_Project\\dbt_project\\dbt_packages\\dbt_utils\\integration_tests\\dbt_packages\\dbt_utils\\integration_tests\\dbt_packages\\dbt_utils\\integration_tests\\data\\sql\\data_star_prefix_suffix_expected.csv', 'dbt_packages\\dbt_utils\\integration_tests\\dbt_packages\\dbt_utils\\integration_tests\\dbt_packages\\dbt_utils\\integration_tests\\data\\sql\\data_star_prefix_suffix_expected.csv', '[WinError 3] The system cannot find the path specified'), ('C:\\Projects\\Fabric_Framework\\Baseline_Project\\dbt_project\\dbt_packages\\dbt_utils\\integration_tests\\dbt_packages\\dbt_utils\\integration_tests\\dbt_packages\\dbt_utils\\integration_tests\\data\\sql\\data_star_quote_identifiers.csv', 'dbt_packages\\dbt_utils\\integration_tests\\dbt_packages\\dbt_utils\\integration_tests\\dbt_packages\\dbt_utils\\integration_tests\\data\\sql\\data_star_quote_identifiers.csv', '[WinError 3] The system cannot find the path specified'), ('C:\\Projects\\Fabric_Framework\\Baseline_Project\\dbt_project\\dbt_packages\\dbt_utils\\integration_tests\\dbt_packages\\dbt_utils\\integration_tests\\dbt_packages\\dbt_utils\\integration_tests\\data\\sql\\data_union_events_expected.csv', 'dbt_packages\\dbt_utils\\integration_tests\\dbt_packages\\dbt_utils\\integration_tests\\dbt_packages\\dbt_utils\\integration_tests\\data\\sql\\data_union_events_expected.csv', '[WinError 3] The system cannot find the path specified'), ('C:\\Projects\\Fabric_Framework\\Baseline_Project\\dbt_project\\dbt_packages\\dbt_utils\\integration_tests\\dbt_packages\\dbt_utils\\integration_tests\\dbt_packages\\dbt_utils\\integration_tests\\data\\sql\\data_union_exclude_expected.csv', 'dbt_packages\\dbt_utils\\integration_tests\\dbt_packages\\dbt_utils\\integration_tests\\dbt_packages\\dbt_utils\\integration_tests\\data\\sql\\data_union_exclude_expected.csv', '[WinError 3] The system cannot find the path specified'), ('C:\\Projects\\Fabric_Framework\\Baseline_Project\\dbt_project\\dbt_packages\\dbt_utils\\integration_tests\\dbt_packages\\dbt_utils\\integration_tests\\dbt_packages\\dbt_utils\\integration_tests\\data\\sql\\data_unpivot_bool_expected.csv', 'dbt_packages\\dbt_utils\\integration_tests\\dbt_packages\\dbt_utils\\integration_tests\\dbt_packages\\dbt_utils\\integration_tests\\data\\sql\\data_unpivot_bool_expected.csv', '[WinError 3] The system cannot find the path specified'), ('C:\\Projects\\Fabric_Framework\\Baseline_Project\\dbt_project\\dbt_packages\\dbt_utils\\integration_tests\\dbt_packages\\dbt_utils\\integration_tests\\dbt_packages\\dbt_utils\\integration_tests\\data\\sql\\data_unpivot_original_api_expected.csv', 'dbt_packages\\dbt_utils\\integration_tests\\dbt_packages\\dbt_utils\\integration_tests\\dbt_packages\\dbt_utils\\integration_tests\\data\\sql\\data_unpivot_original_api_expected.csv', '[WinError 3] The system cannot find the path specified'), ('C:\\Projects\\Fabric_Framework\\Baseline_Project\\dbt_project\\dbt_packages\\dbt_utils\\integration_tests\\dbt_packages\\dbt_utils\\integration_tests\\dbt_packages\\dbt_utils\\integration_tests\\data\\sql\\data_unpivot_quote_expected.csv', 'dbt_packages\\dbt_utils\\integration_tests\\dbt_packages\\dbt_utils\\integration_tests\\dbt_packages\\dbt_utils\\integration_tests\\data\\sql\\data_unpivot_quote_expected.csv', '[WinError 3] The system cannot find the path specified'), ('C:\\Projects\\Fabric_Framework\\Baseline_Project\\dbt_project\\dbt_packages\\dbt_utils\\integration_tests\\dbt_packages\\dbt_utils\\integration_tests\\dbt_packages\\dbt_utils\\integration_tests\\dbt_packages\\dbt_utils\\.circleci', 'dbt_packages\\dbt_utils\\integration_tests\\dbt_packages\\dbt_utils\\integration_tests\\dbt_packages\\dbt_utils\\integration_tests\\dbt_packages\\dbt_utils\\.circleci', "[WinError 206] The filename or extension is too long: 'dbt_packages\\\\dbt_utils\\\\integration_tests\\\\dbt_packages\\\\dbt_utils\\\\integration_tests\\\\dbt_packages\\\\dbt_utils\\\\integration_tests\\\\dbt_packages\\\\dbt_utils\\\\.circleci'"), ('C:\\Projects\\Fabric_Framework\\Baseline_Project\\dbt_project\\dbt_packages\\dbt_utils\\integration_tests\\dbt_packages\\dbt_utils\\integration_tests\\dbt_packages\\dbt_utils\\integration_tests\\dbt_packages\\dbt_utils\\.github', 'dbt_packages\\dbt_utils\\integration_tests\\dbt_packages\\dbt_utils\\integration_tests\\dbt_packages\\dbt_utils\\integration_tests\\dbt_packages\\dbt_utils\\.github', "[WinError 206] The filename or extension is too long: 'dbt_packages\\\\dbt_utils\\\\integration_tests\\\\dbt_packages\\\\dbt_utils\\\\integration_tests\\\\dbt_packages\\\\dbt_utils\\\\integration_tests\\\\dbt_packages\\\\dbt_utils\\\\.github'"), ('C:\\Projects\\Fabric_Framework\\Baseline_Project\\dbt_project\\dbt_packages\\dbt_utils\\integration_tests\\dbt_packages\\dbt_utils\\integration_tests\\dbt_packages\\dbt_utils\\integration_tests\\dbt_packages\\dbt_utils\\CONTRIBUTING.md', 'dbt_packages\\dbt_utils\\integration_tests\\dbt_packages\\dbt_utils\\integration_tests\\dbt_packages\\dbt_utils\\integration_tests\\dbt_packages\\dbt_utils\\CONTRIBUTING.md', '[WinError 3] The system cannot find the path specified'), ('C:\\Projects\\Fabric_Framework\\Baseline_Project\\dbt_project\\dbt_packages\\dbt_utils\\integration_tests\\dbt_packages\\dbt_utils\\integration_tests\\dbt_packages\\dbt_utils\\integration_tests\\dbt_packages\\dbt_utils\\dbt_packages', 'dbt_packages\\dbt_utils\\integration_tests\\dbt_packages\\dbt_utils\\integration_tests\\dbt_packages\\dbt_utils\\integration_tests\\dbt_packages\\dbt_utils\\dbt_packages', "[WinError 206] The filename or extension is too long: 'dbt_packages\\\\dbt_utils\\\\integration_tests\\\\dbt_packages\\\\dbt_utils\\\\integration_tests\\\\dbt_packages\\\\dbt_utils\\\\integration_tests\\\\dbt_packages\\\\dbt_utils\\\\dbt_packages'"), ('C:\\Projects\\Fabric_Framework\\Baseline_Project\\dbt_project\\dbt_packages\\dbt_utils\\integration_tests\\dbt_packages\\dbt_utils\\integration_tests\\dbt_packages\\dbt_utils\\integration_tests\\dbt_packages\\dbt_utils\\dbt_project.yml', 'dbt_packages\\dbt_utils\\integration_tests\\dbt_packages\\dbt_utils\\integration_tests\\dbt_packages\\dbt_utils\\integration_tests\\dbt_packages\\dbt_utils\\dbt_project.yml', '[WinError 3] The system cannot find the path specified'), ('C:\\Projects\\Fabric_Framework\\Baseline_Project\\dbt_project\\dbt_packages\\dbt_utils\\integration_tests\\dbt_packages\\dbt_utils\\integration_tests\\dbt_packages\\dbt_utils\\integration_tests\\dbt_packages\\dbt_utils\\dev-requirements.txt', 'dbt_packages\\dbt_utils\\integration_tests\\dbt_packages\\dbt_utils\\integration_tests\\dbt_packages\\dbt_utils\\integration_tests\\dbt_packages\\dbt_utils\\dev-requirements.txt', '[WinError 3] The system cannot find the path specified'), ('C:\\Projects\\Fabric_Framework\\Baseline_Project\\dbt_project\\dbt_packages\\dbt_utils\\integration_tests\\dbt_packages\\dbt_utils\\integration_tests\\dbt_packages\\dbt_utils\\integration_tests\\dbt_packages\\dbt_utils\\docker-compose.yml', 'dbt_packages\\dbt_utils\\integration_tests\\dbt_packages\\dbt_utils\\integration_tests\\dbt_packages\\dbt_utils\\integration_tests\\dbt_packages\\dbt_utils\\docker-compose.yml', '[WinError 3] The system cannot find the path specified'), ('C:\\Projects\\Fabric_Framework\\Baseline_Project\\dbt_project\\dbt_packages\\dbt_utils\\integration_tests\\dbt_packages\\dbt_utils\\integration_tests\\dbt_packages\\dbt_utils\\integration_tests\\dbt_packages\\dbt_utils\\docs', 'dbt_packages\\dbt_utils\\integration_tests\\dbt_packages\\dbt_utils\\integration_tests\\dbt_packages\\dbt_utils\\integration_tests\\dbt_packages\\dbt_utils\\docs', "[WinError 206] The filename or extension is too long: 'dbt_packages\\\\dbt_utils\\\\integration_tests\\\\dbt_packages\\\\dbt_utils\\\\integration_tests\\\\dbt_packages\\\\dbt_utils\\\\integration_tests\\\\dbt_packages\\\\dbt_utils\\\\docs'"), ('C:\\Projects\\Fabric_Framework\\Baseline_Project\\dbt_project\\dbt_packages\\dbt_utils\\integration_tests\\dbt_packages\\dbt_utils\\integration_tests\\dbt_packages\\dbt_utils\\integration_tests\\dbt_packages\\dbt_utils\\integration_tests', 'dbt_packages\\dbt_utils\\integration_tests\\dbt_packages\\dbt_utils\\integration_tests\\dbt_packages\\dbt_utils\\integration_tests\\dbt_packages\\dbt_utils\\integration_tests', "[WinError 3] The system cannot find the path specified: 'dbt_packages\\\\dbt_utils\\\\integration_tests\\\\dbt_packages\\\\dbt_utils\\\\integration_tests\\\\dbt_packages\\\\dbt_utils\\\\integration_tests\\\\dbt_packages\\\\dbt_utils\\\\integration_tests'")]

[0m10:07:06.430409 [debug] [MainThread]: Command `cli deps` failed at 10:07:06.430409 after 0.67 seconds
[0m10:07:06.431405 [debug] [MainThread]: Flushing usage events
